<?xml version="1.0" encoding="UTF-8"?>
<!-- Generated by org.testng.reporters.JUnitXMLReporter -->
<testsuite ignored="3" hostname="Anushruti" failures="0" tests="1" name="Default test" time="0.115" errors="0" timestamp="2025-05-28T22:48:34 IST">
  <testcase classname="Contactpackage.ContactTest" name="test" time="0.024"/>
  <testcase classname="Contactpackage.ContactTest" name="test1" time="0.0">
    <ignored/>
  </testcase> <!-- test1 -->
  <testcase classname="Contactpackage.ContactTest" name="test2" time="0.0">
    <ignored/>
  </testcase> <!-- test2 -->
  <testcase classname="Contactpackage.ContactTest" name="test3" time="0.0">
    <ignored/>
  </testcase> <!-- test3 -->
</testsuite> <!-- Default test -->
