<?xml version="1.0" encoding="UTF-8"?>
<testng-results ignored="3" total="4" passed="1" failed="0" skipped="0">
  <reporter-output>
  </reporter-output>
  <suite started-at="2025-05-28T22:48:34 IST" name="Default suite" finished-at="2025-05-28T22:48:34 IST" duration-ms="115">
    <groups>
    </groups>
    <test started-at="2025-05-28T22:48:34 IST" name="Default test" finished-at="2025-05-28T22:48:34 IST" duration-ms="115">
      <class name="Contactpackage.ContactTest">
        <test-method signature="test()[pri:0, instance:Contactpackage.ContactTest@9597028]" started-at="2025-05-28T22:48:34 IST" name="test" finished-at="2025-05-28T22:48:34 IST" duration-ms="24" status="PASS">
          <reporter-output>
          </reporter-output>
        </test-method> <!-- test -->
      </class> <!-- Contactpackage.ContactTest -->
    </test> <!-- Default test -->
  </suite> <!-- Default suite -->
</testng-results>
